  PhysicsApp.cpp
C:\Users\Madcrafty\source\repos\PhysicsBootStrap\Physics\PhysicsApp.cpp(161,83): warning C4244: 'argument': conversion from 'unsigned int' to 'float', possible loss of data
C:\Users\Madcrafty\source\repos\PhysicsBootStrap\Physics\PhysicsApp.cpp(249,57): warning C4244: 'argument': conversion from 'T' to 'int', possible loss of data
          with
          [
              T=float
          ]
C:\Users\Madcrafty\source\repos\PhysicsBootStrap\Physics\PhysicsApp.cpp(262,57): warning C4244: 'argument': conversion from 'T' to 'int', possible loss of data
          with
          [
              T=float
          ]
C:\Users\Madcrafty\source\repos\PhysicsBootStrap\Physics\PhysicsApp.cpp(290,57): warning C4244: 'argument': conversion from 'T' to 'int', possible loss of data
          with
          [
              T=float
          ]
C:\Users\Madcrafty\source\repos\PhysicsBootStrap\Physics\PhysicsApp.cpp(303,57): warning C4244: 'argument': conversion from 'T' to 'int', possible loss of data
          with
          [
              T=float
          ]
C:\Users\Madcrafty\source\repos\PhysicsBootStrap\Physics\PhysicsApp.cpp(331,57): warning C4244: 'argument': conversion from 'T' to 'int', possible loss of data
          with
          [
              T=float
          ]
C:\Users\Madcrafty\source\repos\PhysicsBootStrap\Physics\PhysicsApp.cpp(344,57): warning C4244: 'argument': conversion from 'T' to 'int', possible loss of data
          with
          [
              T=float
          ]
C:\Users\Madcrafty\source\repos\PhysicsBootStrap\Physics\PhysicsApp.cpp(372,57): warning C4244: 'argument': conversion from 'T' to 'int', possible loss of data
          with
          [
              T=float
          ]
C:\Users\Madcrafty\source\repos\PhysicsBootStrap\Physics\PhysicsApp.cpp(385,57): warning C4244: 'argument': conversion from 'T' to 'int', possible loss of data
          with
          [
              T=float
          ]
C:\Users\Madcrafty\source\repos\PhysicsBootStrap\Physics\PhysicsApp.cpp(237,8): warning C4101: 'holeEntrySpeed': unreferenced local variable
  Generating code
  2 of 1836 functions ( 0.1%) were compiled, the rest were copied from previous compilation.
    0 functions were new in current compilation
    10 functions had inline decision re-evaluated but remain unchanged
  Finished generating code
  Physics.vcxproj -> C:\Users\Madcrafty\source\repos\PhysicsBootStrap\temp\Physics\x64\Release\Physics.exe
